#! /c/Source/iverilog-install/bin/vvp
:ivl_version "12.0 (devel)" "(s20150603-1539-g2693dd32b)";
:ivl_delay_selection "TYPICAL";
:vpi_time_precision - 12;
:vpi_module "C:\iverilog\lib\ivl\system.vpi";
:vpi_module "C:\iverilog\lib\ivl\vhdl_sys.vpi";
:vpi_module "C:\iverilog\lib\ivl\vhdl_textio.vpi";
:vpi_module "C:\iverilog\lib\ivl\v2005_math.vpi";
:vpi_module "C:\iverilog\lib\ivl\va_math.vpi";
S_000001cd951e3b40 .scope module, "nivel1_test" "nivel1_test" 2 4;
 .timescale -9 -12;
v000001cd952680c0_0 .var "clearn", 0 0;
v000001cd95267260_0 .var "clock", 0 0;
v000001cd95268ac0_0 .net "dezenas", 6 0, v000001cd95264fd0_0;  1 drivers
v000001cd95268b60_0 .var "door_closed", 0 0;
v000001cd95267940_0 .var "keypad", 9 0;
v000001cd952688e0_0 .net "mag_on", 0 0, L_000001cd9520fad0;  1 drivers
v000001cd95267580_0 .net "minutos", 6 0, v000001cd95266510_0;  1 drivers
v000001cd95268020_0 .net "segundos", 6 0, v000001cd952665b0_0;  1 drivers
v000001cd952673a0_0 .var "startn", 0 0;
v000001cd95268c00_0 .var "stopn", 0 0;
S_000001cd951e3cd0 .scope module, "dut" "nivel1" 2 15, 3 6 0, S_000001cd951e3b40;
 .timescale -9 -12;
    .port_info 0 /INPUT 10 "keypad";
    .port_info 1 /INPUT 1 "clock";
    .port_info 2 /INPUT 1 "startn";
    .port_info 3 /INPUT 1 "stopn";
    .port_info 4 /INPUT 1 "clearn";
    .port_info 5 /INPUT 1 "door_closed";
    .port_info 6 /OUTPUT 7 "mins";
    .port_info 7 /OUTPUT 7 "sec_tens";
    .port_info 8 /OUTPUT 7 "sec_ones";
    .port_info 9 /OUTPUT 1 "mag_on";
L_000001cd9520fad0 .functor BUFZ 1, v000001cd95265570_0, C4<0>, C4<0>, C4<0>;
v000001cd95265750_0 .net "D", 3 0, v000001cd952657f0_0;  1 drivers
v000001cd95267080_0 .net "clearn", 0 0, v000001cd952680c0_0;  1 drivers
v000001cd952671c0_0 .net "clock", 0 0, v000001cd95267260_0;  1 drivers
v000001cd95267da0_0 .net "count_MINS", 3 0, v000001cd95263510_0;  1 drivers
v000001cd95267300_0 .net "count_ONES", 3 0, v000001cd95264190_0;  1 drivers
v000001cd95267ee0_0 .net "count_TENS", 3 0, v000001cd95263010_0;  1 drivers
v000001cd95267760_0 .net "door_closed", 0 0, v000001cd95268b60_0;  1 drivers
v000001cd95267800_0 .net "keypad", 9 0, v000001cd95267940_0;  1 drivers
v000001cd952678a0_0 .net "loadn", 0 0, L_000001cd9520ffa0;  1 drivers
v000001cd95267120_0 .net "mag_on", 0 0, L_000001cd9520fad0;  alias, 1 drivers
v000001cd95267f80_0 .net "mins", 6 0, v000001cd95266510_0;  alias, 1 drivers
v000001cd95268340_0 .net "pgt_1Hz", 0 0, v000001cd95265930_0;  1 drivers
v000001cd95268d40_0 .net "saida_controle", 0 0, v000001cd95265570_0;  1 drivers
v000001cd95267bc0_0 .net "sec_ones", 6 0, v000001cd952665b0_0;  alias, 1 drivers
v000001cd95268480_0 .net "sec_tens", 6 0, v000001cd95264fd0_0;  alias, 1 drivers
v000001cd952679e0_0 .net "startn", 0 0, v000001cd952673a0_0;  1 drivers
v000001cd95268160_0 .net "stopn", 0 0, v000001cd95268c00_0;  1 drivers
v000001cd95268e80_0 .net "zero", 0 0, L_000001cd9520fde0;  1 drivers
S_000001cd951e8b90 .scope module, "contador_nivel2" "contador_nivel2" 3 28, 4 5 0, S_000001cd951e3cd0;
 .timescale -9 -12;
    .port_info 0 /INPUT 4 "data";
    .port_info 1 /INPUT 1 "clk";
    .port_info 2 /INPUT 1 "enable";
    .port_info 3 /INPUT 1 "loadn";
    .port_info 4 /INPUT 1 "clrn";
    .port_info 5 /OUTPUT 4 "count_ONES";
    .port_info 6 /OUTPUT 4 "count_TENS";
    .port_info 7 /OUTPUT 4 "count_MINS";
    .port_info 8 /OUTPUT 1 "zero";
L_000001cd9520fd70 .functor AND 1, L_000001cd95266fe0, L_000001cd95267a80, C4<1>, C4<1>;
L_000001cd9520fde0 .functor AND 1, L_000001cd9520fd70, L_000001cd95267440, C4<1>, C4<1>;
v000001cd95263a10_0 .net *"_ivl_0", 0 0, L_000001cd9520fd70;  1 drivers
v000001cd952649b0_0 .net "clk", 0 0, v000001cd95265930_0;  alias, 1 drivers
o000001cd9521ee28 .functor BUFZ 1, C4<z>; HiZ drive
v000001cd95263bf0_0 .net "clock", 0 0, o000001cd9521ee28;  0 drivers
v000001cd952630b0_0 .net "clrn", 0 0, v000001cd952680c0_0;  alias, 1 drivers
v000001cd95263150_0 .net "count_MINS", 3 0, v000001cd95263510_0;  alias, 1 drivers
v000001cd95263ab0_0 .net "count_ONES", 3 0, v000001cd95264190_0;  alias, 1 drivers
v000001cd952638d0_0 .net "count_TENS", 3 0, v000001cd95263010_0;  alias, 1 drivers
v000001cd952631f0_0 .net "data", 3 0, v000001cd952657f0_0;  alias, 1 drivers
v000001cd95263290_0 .net "enable", 0 0, v000001cd95265570_0;  alias, 1 drivers
v000001cd952633d0_0 .net "loadn", 0 0, L_000001cd9520ffa0;  alias, 1 drivers
v000001cd952636f0_0 .net "tc1", 0 0, L_000001cd9520f980;  1 drivers
v000001cd95263970_0 .net "tc2", 0 0, L_000001cd9520f9f0;  1 drivers
v000001cd95263e70_0 .net "tc3", 0 0, L_000001cd9520fd00;  1 drivers
v000001cd95263b50_0 .net "zero", 0 0, L_000001cd9520fde0;  alias, 1 drivers
v000001cd95263c90_0 .net "zero1", 0 0, L_000001cd95266fe0;  1 drivers
v000001cd95263d30_0 .net "zero2", 0 0, L_000001cd95267a80;  1 drivers
v000001cd95263f10_0 .net "zero3", 0 0, L_000001cd95267440;  1 drivers
S_000001cd951e8d20 .scope module, "MINS" "contador_mod10" 4 26, 5 1 0, S_000001cd951e8b90;
 .timescale -3 -3;
    .port_info 0 /INPUT 4 "data";
    .port_info 1 /INPUT 1 "clk";
    .port_info 2 /INPUT 1 "loadn";
    .port_info 3 /INPUT 1 "en";
    .port_info 4 /INPUT 1 "clrn";
    .port_info 5 /OUTPUT 4 "count";
    .port_info 6 /OUTPUT 1 "tc";
    .port_info 7 /OUTPUT 1 "zero";
L_000001cd9520fd00 .functor AND 1, L_000001cd9520f9f0, L_000001cd95267440, C4<1>, C4<1>;
L_000001cd95270238 .functor BUFT 1, C4<0000>, C4<0>, C4<0>, C4<0>;
v000001cd9520e170_0 .net/2u *"_ivl_0", 3 0, L_000001cd95270238;  1 drivers
v000001cd9520d9f0_0 .net *"_ivl_2", 0 0, L_000001cd952676c0;  1 drivers
L_000001cd95270280 .functor BUFT 1, C4<1>, C4<0>, C4<0>, C4<0>;
v000001cd9520d8b0_0 .net/2u *"_ivl_4", 0 0, L_000001cd95270280;  1 drivers
L_000001cd952702c8 .functor BUFT 1, C4<0>, C4<0>, C4<0>, C4<0>;
v000001cd952647d0_0 .net/2u *"_ivl_6", 0 0, L_000001cd952702c8;  1 drivers
v000001cd952642d0_0 .net "clk", 0 0, o000001cd9521ee28;  alias, 0 drivers
v000001cd95264410_0 .net "clrn", 0 0, v000001cd952680c0_0;  alias, 1 drivers
v000001cd95263510_0 .var "count", 3 0;
v000001cd95264af0_0 .net "data", 3 0, v000001cd95263010_0;  alias, 1 drivers
v000001cd95263fb0_0 .net "en", 0 0, L_000001cd9520f9f0;  alias, 1 drivers
v000001cd95263470_0 .net "loadn", 0 0, L_000001cd9520ffa0;  alias, 1 drivers
v000001cd952644b0_0 .net "tc", 0 0, L_000001cd9520fd00;  alias, 1 drivers
v000001cd95263dd0_0 .net "zero", 0 0, L_000001cd95267440;  alias, 1 drivers
E_000001cd95206410 .event posedge, v000001cd952642d0_0;
E_000001cd95206650 .event negedge, v000001cd95264410_0;
L_000001cd952676c0 .cmp/eq 4, v000001cd95263510_0, L_000001cd95270238;
L_000001cd95267440 .functor MUXZ 1, L_000001cd952702c8, L_000001cd95270280, L_000001cd952676c0, C4<>;
S_000001cd95264df0 .scope module, "ONES" "contador_mod10" 4 24, 5 1 0, S_000001cd951e8b90;
 .timescale -3 -3;
    .port_info 0 /INPUT 4 "data";
    .port_info 1 /INPUT 1 "clk";
    .port_info 2 /INPUT 1 "loadn";
    .port_info 3 /INPUT 1 "en";
    .port_info 4 /INPUT 1 "clrn";
    .port_info 5 /OUTPUT 4 "count";
    .port_info 6 /OUTPUT 1 "tc";
    .port_info 7 /OUTPUT 1 "zero";
L_000001cd9520f980 .functor AND 1, v000001cd95265570_0, L_000001cd95266fe0, C4<1>, C4<1>;
L_000001cd95270088 .functor BUFT 1, C4<0000>, C4<0>, C4<0>, C4<0>;
v000001cd95264b90_0 .net/2u *"_ivl_0", 3 0, L_000001cd95270088;  1 drivers
v000001cd95264a50_0 .net *"_ivl_2", 0 0, L_000001cd95267d00;  1 drivers
L_000001cd952700d0 .functor BUFT 1, C4<1>, C4<0>, C4<0>, C4<0>;
v000001cd95264c30_0 .net/2u *"_ivl_4", 0 0, L_000001cd952700d0;  1 drivers
L_000001cd95270118 .functor BUFT 1, C4<0>, C4<0>, C4<0>, C4<0>;
v000001cd952635b0_0 .net/2u *"_ivl_6", 0 0, L_000001cd95270118;  1 drivers
v000001cd95262ed0_0 .net "clk", 0 0, o000001cd9521ee28;  alias, 0 drivers
v000001cd95263650_0 .net "clrn", 0 0, v000001cd952680c0_0;  alias, 1 drivers
v000001cd95264190_0 .var "count", 3 0;
v000001cd95264230_0 .net "data", 3 0, v000001cd952657f0_0;  alias, 1 drivers
v000001cd95264370_0 .net "en", 0 0, v000001cd95265570_0;  alias, 1 drivers
v000001cd95264cd0_0 .net "loadn", 0 0, L_000001cd9520ffa0;  alias, 1 drivers
v000001cd95263330_0 .net "tc", 0 0, L_000001cd9520f980;  alias, 1 drivers
v000001cd95262e30_0 .net "zero", 0 0, L_000001cd95266fe0;  alias, 1 drivers
L_000001cd95267d00 .cmp/eq 4, v000001cd95264190_0, L_000001cd95270088;
L_000001cd95266fe0 .functor MUXZ 1, L_000001cd95270118, L_000001cd952700d0, L_000001cd95267d00, C4<>;
S_000001cd9521d890 .scope module, "TENS" "contador_mod6" 4 25, 6 1 0, S_000001cd951e8b90;
 .timescale -3 -3;
    .port_info 0 /INPUT 4 "data";
    .port_info 1 /INPUT 1 "clk";
    .port_info 2 /INPUT 1 "loadn";
    .port_info 3 /INPUT 1 "en";
    .port_info 4 /INPUT 1 "clrn";
    .port_info 5 /OUTPUT 4 "count";
    .port_info 6 /OUTPUT 1 "tc";
    .port_info 7 /OUTPUT 1 "zero";
L_000001cd9520f9f0 .functor AND 1, L_000001cd9520f980, L_000001cd95267a80, C4<1>, C4<1>;
L_000001cd95270160 .functor BUFT 1, C4<0000>, C4<0>, C4<0>, C4<0>;
v000001cd95263830_0 .net/2u *"_ivl_0", 3 0, L_000001cd95270160;  1 drivers
v000001cd95262f70_0 .net *"_ivl_2", 0 0, L_000001cd95268ca0;  1 drivers
L_000001cd952701a8 .functor BUFT 1, C4<1>, C4<0>, C4<0>, C4<0>;
v000001cd95263790_0 .net/2u *"_ivl_4", 0 0, L_000001cd952701a8;  1 drivers
L_000001cd952701f0 .functor BUFT 1, C4<0>, C4<0>, C4<0>, C4<0>;
v000001cd95264730_0 .net/2u *"_ivl_6", 0 0, L_000001cd952701f0;  1 drivers
v000001cd952640f0_0 .net "clk", 0 0, o000001cd9521ee28;  alias, 0 drivers
v000001cd952645f0_0 .net "clrn", 0 0, v000001cd952680c0_0;  alias, 1 drivers
v000001cd95263010_0 .var "count", 3 0;
v000001cd95264690_0 .net "data", 3 0, v000001cd95264190_0;  alias, 1 drivers
v000001cd95264910_0 .net "en", 0 0, L_000001cd9520f980;  alias, 1 drivers
v000001cd95264050_0 .net "loadn", 0 0, L_000001cd9520ffa0;  alias, 1 drivers
v000001cd95264550_0 .net "tc", 0 0, L_000001cd9520f9f0;  alias, 1 drivers
v000001cd95264870_0 .net "zero", 0 0, L_000001cd95267a80;  alias, 1 drivers
L_000001cd95268ca0 .cmp/eq 4, v000001cd95263010_0, L_000001cd95270160;
L_000001cd95267a80 .functor MUXZ 1, L_000001cd952701f0, L_000001cd952701a8, L_000001cd95268ca0, C4<>;
S_000001cd951e6a00 .scope module, "decodificador" "decodificador" 3 34, 7 1 0, S_000001cd951e3cd0;
 .timescale -9 -12;
    .port_info 0 /INPUT 4 "mins";
    .port_info 1 /INPUT 4 "sec_tens";
    .port_info 2 /INPUT 4 "sec_ones";
    .port_info 3 /OUTPUT 7 "mins_segs";
    .port_info 4 /OUTPUT 7 "sec_tens_segs";
    .port_info 5 /OUTPUT 7 "sec_ones_segs";
v000001cd95266ab0_0 .net "mins", 3 0, v000001cd95263510_0;  alias, 1 drivers
v000001cd95266510_0 .var "mins_segs", 6 0;
v000001cd952663d0_0 .net "sec_ones", 3 0, v000001cd95264190_0;  alias, 1 drivers
v000001cd952665b0_0 .var "sec_ones_segs", 6 0;
v000001cd95265430_0 .net "sec_tens", 3 0, v000001cd95263010_0;  alias, 1 drivers
v000001cd95264fd0_0 .var "sec_tens_segs", 6 0;
E_000001cd95206ad0 .event anyedge, v000001cd95264190_0;
E_000001cd95206b10 .event anyedge, v000001cd95264af0_0;
E_000001cd95206c90 .event anyedge, v000001cd95263510_0;
S_000001cd951e6b90 .scope module, "entrada_time_nivel2" "entrada_time_nivel2" 3 25, 8 6 0, S_000001cd951e3cd0;
 .timescale -9 -12;
    .port_info 0 /INPUT 10 "keypad";
    .port_info 1 /INPUT 1 "enablen";
    .port_info 2 /INPUT 1 "clk";
    .port_info 3 /OUTPUT 4 "D";
    .port_info 4 /OUTPUT 1 "loadn";
    .port_info 5 /OUTPUT 1 "pgt_1Hz";
L_000001cd9520ffa0 .functor BUFZ 1, v000001cd95265e30_0, C4<0>, C4<0>, C4<0>;
v000001cd952652f0_0 .net "D", 3 0, v000001cd952657f0_0;  alias, 1 drivers
v000001cd95265070_0 .net "Q", 0 0, v000001cd952668d0_0;  1 drivers
v000001cd95266bf0_0 .net "clk", 0 0, v000001cd95267260_0;  alias, 1 drivers
v000001cd95265bb0_0 .net "clk100", 9 0, v000001cd95266150_0;  1 drivers
v000001cd95266290_0 .net "enablen", 0 0, v000001cd95265570_0;  alias, 1 drivers
v000001cd95265390_0 .net "keypad", 9 0, v000001cd95267940_0;  alias, 1 drivers
v000001cd95266470_0 .net "loadn", 0 0, L_000001cd9520ffa0;  alias, 1 drivers
v000001cd95265d90_0 .net "pgt_1Hz", 0 0, v000001cd95265930_0;  alias, 1 drivers
v000001cd95265e30_0 .var "pressed", 0 0;
L_000001cd95268200 .part v000001cd95266150_0, 5, 1;
S_000001cd951da100 .scope module, "codificador_priori" "codificador_priori" 8 31, 9 1 0, S_000001cd951e6b90;
 .timescale -9 -12;
    .port_info 0 /INPUT 10 "keypad";
    .port_info 1 /INPUT 1 "enablen";
    .port_info 2 /OUTPUT 4 "BCD";
v000001cd952657f0_0 .var "BCD", 3 0;
v000001cd952661f0_0 .net "enablen", 0 0, v000001cd95265570_0;  alias, 1 drivers
v000001cd95266010_0 .net "keypad", 9 0, v000001cd95267940_0;  alias, 1 drivers
E_000001cd95204410 .event anyedge, v000001cd95266010_0;
S_000001cd951da290 .scope module, "counter" "counter" 8 33, 10 1 0, S_000001cd951e6b90;
 .timescale -9 -12;
    .port_info 0 /INPUT 1 "clock";
    .port_info 1 /INPUT 1 "clear";
    .port_info 2 /OUTPUT 1 "Q";
v000001cd952668d0_0 .var "Q", 0 0;
v000001cd95265a70_0 .net "clear", 0 0, v000001cd95265e30_0;  1 drivers
v000001cd95265b10_0 .net "clock", 0 0, v000001cd95267260_0;  alias, 1 drivers
v000001cd95265250_0 .var "contador", 2 0;
E_000001cd95205110 .event posedge, v000001cd95265a70_0, v000001cd95265b10_0;
S_000001cd951de820 .scope module, "divi" "divi" 8 32, 11 1 0, S_000001cd951e6b90;
 .timescale -9 -12;
    .port_info 0 /INPUT 1 "clk";
    .port_info 1 /OUTPUT 10 "clk100";
v000001cd95265890_0 .var "a", 5 0;
v000001cd95266970_0 .net "clk", 0 0, v000001cd95267260_0;  alias, 1 drivers
v000001cd95266150_0 .var "clk100", 9 0;
E_000001cd95204a90 .event posedge, v000001cd95265b10_0;
S_000001cd951de9b0 .scope module, "mux" "mux" 8 34, 12 1 0, S_000001cd951e6b90;
 .timescale -9 -12;
    .port_info 0 /INPUT 1 "sel";
    .port_info 1 /INPUT 1 "Q";
    .port_info 2 /INPUT 1 "Hz";
    .port_info 3 /OUTPUT 1 "pgt_1Hz";
v000001cd952660b0_0 .net "Hz", 0 0, L_000001cd95268200;  1 drivers
v000001cd95265f70_0 .net "Q", 0 0, v000001cd952668d0_0;  alias, 1 drivers
v000001cd95265930_0 .var "pgt_1Hz", 0 0;
v000001cd952659d0_0 .net "sel", 0 0, v000001cd95265570_0;  alias, 1 drivers
E_000001cd952045d0 .event anyedge, v000001cd95264370_0, v000001cd952668d0_0, v000001cd952660b0_0;
S_000001cd951db610 .scope module, "nivel2_controle" "nivel2_controle" 3 31, 13 4 0, S_000001cd951e3cd0;
 .timescale -9 -12;
    .port_info 0 /INPUT 1 "startn";
    .port_info 1 /INPUT 1 "stopn";
    .port_info 2 /INPUT 1 "clearn";
    .port_info 3 /INPUT 1 "door_closed";
    .port_info 4 /INPUT 1 "timer_done";
    .port_info 5 /OUTPUT 1 "mag_on";
v000001cd95266650_0 .net "clearn", 0 0, v000001cd952680c0_0;  alias, 1 drivers
v000001cd952666f0_0 .net "control_reset", 0 0, L_000001cd952100f0;  1 drivers
v000001cd95266790_0 .net "control_set", 0 0, L_000001cd9520fe50;  1 drivers
v000001cd95266a10_0 .net "door_closed", 0 0, v000001cd95268b60_0;  alias, 1 drivers
v000001cd95266b50_0 .net "mag_on", 0 0, v000001cd95265570_0;  alias, 1 drivers
v000001cd95266d30_0 .net "startn", 0 0, v000001cd952673a0_0;  alias, 1 drivers
v000001cd95266dd0_0 .net "stopn", 0 0, v000001cd95268c00_0;  alias, 1 drivers
v000001cd952656b0_0 .net "timer_done", 0 0, L_000001cd9520fde0;  alias, 1 drivers
S_000001cd951db7a0 .scope module, "control_mag" "control_mag" 13 10, 14 1 0, S_000001cd951db610;
 .timescale -9 -12;
    .port_info 0 /INPUT 1 "startn";
    .port_info 1 /INPUT 1 "stopn";
    .port_info 2 /INPUT 1 "clearn";
    .port_info 3 /INPUT 1 "door_closed";
    .port_info 4 /INPUT 1 "timer_done";
    .port_info 5 /OUTPUT 1 "set";
    .port_info 6 /OUTPUT 1 "reset";
L_000001cd9520fe50 .functor AND 1, v000001cd952673a0_0, v000001cd95268b60_0, C4<1>, C4<1>;
L_000001cd95210010 .functor NOT 1, v000001cd95268b60_0, C4<0>, C4<0>, C4<0>;
L_000001cd95210080 .functor OR 1, L_000001cd95210010, v000001cd952680c0_0, C4<0>, C4<0>;
L_000001cd952100f0 .functor OR 1, L_000001cd95210080, v000001cd95268c00_0, C4<0>, C4<0>;
v000001cd95266830_0 .net *"_ivl_2", 0 0, L_000001cd95210010;  1 drivers
v000001cd952651b0_0 .net *"_ivl_4", 0 0, L_000001cd95210080;  1 drivers
v000001cd95265110_0 .net "clearn", 0 0, v000001cd952680c0_0;  alias, 1 drivers
v000001cd95265c50_0 .net "door_closed", 0 0, v000001cd95268b60_0;  alias, 1 drivers
v000001cd952654d0_0 .net "reset", 0 0, L_000001cd952100f0;  alias, 1 drivers
v000001cd95265cf0_0 .net "set", 0 0, L_000001cd9520fe50;  alias, 1 drivers
v000001cd95266330_0 .net "startn", 0 0, v000001cd952673a0_0;  alias, 1 drivers
v000001cd95265ed0_0 .net "stopn", 0 0, v000001cd95268c00_0;  alias, 1 drivers
v000001cd95266c90_0 .net "timer_done", 0 0, L_000001cd9520fde0;  alias, 1 drivers
S_000001cd951d43d0 .scope module, "latch" "latch" 13 11, 15 1 0, S_000001cd951db610;
 .timescale -9 -12;
    .port_info 0 /INPUT 1 "set";
    .port_info 1 /INPUT 1 "reset";
    .port_info 2 /OUTPUT 1 "Q";
v000001cd95265570_0 .var "Q", 0 0;
v000001cd95265610_0 .net "reset", 0 0, L_000001cd952100f0;  alias, 1 drivers
v000001cd95266e70_0 .net "set", 0 0, L_000001cd9520fe50;  alias, 1 drivers
E_000001cd95204bd0 .event anyedge, v000001cd95265cf0_0, v000001cd952654d0_0, v000001cd95264370_0;
    .scope S_000001cd951da100;
T_0 ;
    %wait E_000001cd95204410;
    %load/vec4 v000001cd952661f0_0;
    %pad/u 32;
    %cmpi/e 0, 0, 32;
    %jmp/0xz  T_0.0, 4;
    %load/vec4 v000001cd95266010_0;
    %cmpi/e 512, 0, 10;
    %jmp/0xz  T_0.2, 4;
    %pushi/vec4 9, 0, 4;
    %store/vec4 v000001cd952657f0_0, 0, 4;
    %jmp T_0.3;
T_0.2 ;
    %load/vec4 v000001cd95266010_0;
    %cmpi/e 256, 0, 10;
    %jmp/0xz  T_0.4, 4;
    %pushi/vec4 8, 0, 4;
    %store/vec4 v000001cd952657f0_0, 0, 4;
    %jmp T_0.5;
T_0.4 ;
    %load/vec4 v000001cd95266010_0;
    %cmpi/e 128, 0, 10;
    %jmp/0xz  T_0.6, 4;
    %pushi/vec4 7, 0, 4;
    %store/vec4 v000001cd952657f0_0, 0, 4;
    %jmp T_0.7;
T_0.6 ;
    %load/vec4 v000001cd95266010_0;
    %cmpi/e 64, 0, 10;
    %jmp/0xz  T_0.8, 4;
    %pushi/vec4 6, 0, 4;
    %store/vec4 v000001cd952657f0_0, 0, 4;
    %jmp T_0.9;
T_0.8 ;
    %load/vec4 v000001cd95266010_0;
    %cmpi/e 32, 0, 10;
    %jmp/0xz  T_0.10, 4;
    %pushi/vec4 5, 0, 4;
    %store/vec4 v000001cd952657f0_0, 0, 4;
    %jmp T_0.11;
T_0.10 ;
    %load/vec4 v000001cd95266010_0;
    %cmpi/e 16, 0, 10;
    %jmp/0xz  T_0.12, 4;
    %pushi/vec4 4, 0, 4;
    %store/vec4 v000001cd952657f0_0, 0, 4;
    %jmp T_0.13;
T_0.12 ;
    %load/vec4 v000001cd95266010_0;
    %cmpi/e 8, 0, 10;
    %jmp/0xz  T_0.14, 4;
    %pushi/vec4 3, 0, 4;
    %store/vec4 v000001cd952657f0_0, 0, 4;
    %jmp T_0.15;
T_0.14 ;
    %load/vec4 v000001cd95266010_0;
    %cmpi/e 4, 0, 10;
    %jmp/0xz  T_0.16, 4;
    %pushi/vec4 2, 0, 4;
    %store/vec4 v000001cd952657f0_0, 0, 4;
    %jmp T_0.17;
T_0.16 ;
    %load/vec4 v000001cd95266010_0;
    %cmpi/e 2, 0, 10;
    %jmp/0xz  T_0.18, 4;
    %pushi/vec4 1, 0, 4;
    %store/vec4 v000001cd952657f0_0, 0, 4;
    %jmp T_0.19;
T_0.18 ;
    %load/vec4 v000001cd95266010_0;
    %cmpi/e 1, 0, 10;
    %jmp/0xz  T_0.20, 4;
    %pushi/vec4 0, 0, 4;
    %store/vec4 v000001cd952657f0_0, 0, 4;
T_0.20 ;
T_0.19 ;
T_0.17 ;
T_0.15 ;
T_0.13 ;
T_0.11 ;
T_0.9 ;
T_0.7 ;
T_0.5 ;
T_0.3 ;
T_0.0 ;
    %jmp T_0;
    .thread T_0, $push;
    .scope S_000001cd951de820;
T_1 ;
    %pushi/vec4 0, 0, 6;
    %store/vec4 v000001cd95265890_0, 0, 6;
    %end;
    .thread T_1;
    .scope S_000001cd951de820;
T_2 ;
    %pushi/vec4 0, 0, 10;
    %store/vec4 v000001cd95266150_0, 0, 10;
    %end;
    .thread T_2;
    .scope S_000001cd951de820;
T_3 ;
    %wait E_000001cd95204a90;
    %load/vec4 v000001cd95265890_0;
    %addi 1, 0, 6;
    %store/vec4 v000001cd95265890_0, 0, 6;
    %load/vec4 v000001cd95265890_0;
    %pad/u 32;
    %cmpi/u 50, 0, 32;
    %flag_inv 5; GE is !LT
    %jmp/0xz  T_3.0, 5;
    %pushi/vec4 0, 0, 6;
    %store/vec4 v000001cd95265890_0, 0, 6;
    %load/vec4 v000001cd95266150_0;
    %inv;
    %store/vec4 v000001cd95266150_0, 0, 10;
T_3.0 ;
    %jmp T_3;
    .thread T_3;
    .scope S_000001cd951da290;
T_4 ;
    %wait E_000001cd95205110;
    %load/vec4 v000001cd95265a70_0;
    %flag_set/vec4 8;
    %jmp/0xz  T_4.0, 8;
    %pushi/vec4 0, 0, 3;
    %store/vec4 v000001cd95265250_0, 0, 3;
    %pushi/vec4 0, 0, 1;
    %store/vec4 v000001cd952668d0_0, 0, 1;
    %jmp T_4.1;
T_4.0 ;
    %load/vec4 v000001cd95265250_0;
    %pad/u 32;
    %cmpi/e 3, 0, 32;
    %jmp/0xz  T_4.2, 4;
    %pushi/vec4 1, 0, 1;
    %store/vec4 v000001cd952668d0_0, 0, 1;
    %load/vec4 v000001cd95265250_0;
    %addi 1, 0, 3;
    %store/vec4 v000001cd95265250_0, 0, 3;
    %jmp T_4.3;
T_4.2 ;
    %load/vec4 v000001cd95265250_0;
    %pad/u 32;
    %cmpi/u 7, 0, 32;
    %jmp/0xz  T_4.4, 5;
    %load/vec4 v000001cd95265250_0;
    %addi 1, 0, 3;
    %store/vec4 v000001cd95265250_0, 0, 3;
T_4.4 ;
T_4.3 ;
T_4.1 ;
    %jmp T_4;
    .thread T_4;
    .scope S_000001cd951de9b0;
T_5 ;
    %wait E_000001cd952045d0;
    %load/vec4 v000001cd952659d0_0;
    %pad/u 32;
    %cmpi/e 0, 0, 32;
    %jmp/0xz  T_5.0, 4;
    %load/vec4 v000001cd95265f70_0;
    %store/vec4 v000001cd95265930_0, 0, 1;
    %jmp T_5.1;
T_5.0 ;
    %load/vec4 v000001cd952660b0_0;
    %store/vec4 v000001cd95265930_0, 0, 1;
T_5.1 ;
    %jmp T_5;
    .thread T_5, $push;
    .scope S_000001cd951e6b90;
T_6 ;
    %pushi/vec4 0, 0, 1;
    %store/vec4 v000001cd95265e30_0, 0, 1;
    %end;
    .thread T_6;
    .scope S_000001cd951e6b90;
T_7 ;
    %wait E_000001cd95204410;
    %load/vec4 v000001cd95265390_0;
    %cmpi/e 0, 0, 10;
    %jmp/0xz  T_7.0, 4;
    %pushi/vec4 0, 0, 1;
    %assign/vec4 v000001cd95265e30_0, 0;
    %jmp T_7.1;
T_7.0 ;
    %pushi/vec4 1, 0, 1;
    %assign/vec4 v000001cd95265e30_0, 0;
T_7.1 ;
    %jmp T_7;
    .thread T_7, $push;
    .scope S_000001cd95264df0;
T_8 ;
    %wait E_000001cd95206650;
    %pushi/vec4 0, 0, 4;
    %store/vec4 v000001cd95264190_0, 0, 4;
    %jmp T_8;
    .thread T_8;
    .scope S_000001cd95264df0;
T_9 ;
    %wait E_000001cd95206410;
    %load/vec4 v000001cd95264370_0;
    %flag_set/vec4 8;
    %jmp/0xz  T_9.0, 8;
    %load/vec4 v000001cd95264190_0;
    %dup/vec4;
    %pushi/vec4 9, 0, 4;
    %cmp/u;
    %jmp/1 T_9.2, 6;
    %dup/vec4;
    %pushi/vec4 1, 0, 4;
    %cmp/u;
    %jmp/1 T_9.3, 6;
    %dup/vec4;
    %pushi/vec4 0, 0, 4;
    %cmp/u;
    %jmp/1 T_9.4, 6;
    %load/vec4 v000001cd95264190_0;
    %subi 1, 0, 4;
    %assign/vec4 v000001cd95264190_0, 0;
    %jmp T_9.6;
T_9.2 ;
    %pushi/vec4 8, 0, 4;
    %assign/vec4 v000001cd95264190_0, 0;
    %jmp T_9.6;
T_9.3 ;
    %pushi/vec4 0, 0, 4;
    %assign/vec4 v000001cd95264190_0, 0;
    %jmp T_9.6;
T_9.4 ;
    %pushi/vec4 9, 0, 4;
    %assign/vec4 v000001cd95264190_0, 0;
    %jmp T_9.6;
T_9.6 ;
    %pop/vec4 1;
    %jmp T_9.1;
T_9.0 ;
    %load/vec4 v000001cd95264cd0_0;
    %nor/r;
    %flag_set/vec4 8;
    %jmp/0xz  T_9.7, 8;
    %load/vec4 v000001cd95264230_0;
    %assign/vec4 v000001cd95264190_0, 0;
T_9.7 ;
T_9.1 ;
    %jmp T_9;
    .thread T_9;
    .scope S_000001cd9521d890;
T_10 ;
    %wait E_000001cd95206650;
    %pushi/vec4 0, 0, 4;
    %store/vec4 v000001cd95263010_0, 0, 4;
    %jmp T_10;
    .thread T_10;
    .scope S_000001cd9521d890;
T_11 ;
    %wait E_000001cd95206410;
    %load/vec4 v000001cd95264910_0;
    %flag_set/vec4 8;
    %jmp/0xz  T_11.0, 8;
    %load/vec4 v000001cd95263010_0;
    %dup/vec4;
    %pushi/vec4 5, 0, 4;
    %cmp/u;
    %jmp/1 T_11.2, 6;
    %dup/vec4;
    %pushi/vec4 1, 0, 4;
    %cmp/u;
    %jmp/1 T_11.3, 6;
    %dup/vec4;
    %pushi/vec4 0, 0, 4;
    %cmp/u;
    %jmp/1 T_11.4, 6;
    %load/vec4 v000001cd95263010_0;
    %subi 1, 0, 4;
    %assign/vec4 v000001cd95263010_0, 0;
    %jmp T_11.6;
T_11.2 ;
    %pushi/vec4 4, 0, 4;
    %assign/vec4 v000001cd95263010_0, 0;
    %jmp T_11.6;
T_11.3 ;
    %pushi/vec4 0, 0, 4;
    %assign/vec4 v000001cd95263010_0, 0;
    %jmp T_11.6;
T_11.4 ;
    %pushi/vec4 5, 0, 4;
    %assign/vec4 v000001cd95263010_0, 0;
    %jmp T_11.6;
T_11.6 ;
    %pop/vec4 1;
    %jmp T_11.1;
T_11.0 ;
    %load/vec4 v000001cd95264050_0;
    %nor/r;
    %flag_set/vec4 8;
    %jmp/0xz  T_11.7, 8;
    %load/vec4 v000001cd95264690_0;
    %assign/vec4 v000001cd95263010_0, 0;
T_11.7 ;
T_11.1 ;
    %jmp T_11;
    .thread T_11;
    .scope S_000001cd951e8d20;
T_12 ;
    %wait E_000001cd95206650;
    %pushi/vec4 0, 0, 4;
    %store/vec4 v000001cd95263510_0, 0, 4;
    %jmp T_12;
    .thread T_12;
    .scope S_000001cd951e8d20;
T_13 ;
    %wait E_000001cd95206410;
    %load/vec4 v000001cd95263fb0_0;
    %flag_set/vec4 8;
    %jmp/0xz  T_13.0, 8;
    %load/vec4 v000001cd95263510_0;
    %dup/vec4;
    %pushi/vec4 9, 0, 4;
    %cmp/u;
    %jmp/1 T_13.2, 6;
    %dup/vec4;
    %pushi/vec4 1, 0, 4;
    %cmp/u;
    %jmp/1 T_13.3, 6;
    %dup/vec4;
    %pushi/vec4 0, 0, 4;
    %cmp/u;
    %jmp/1 T_13.4, 6;
    %load/vec4 v000001cd95263510_0;
    %subi 1, 0, 4;
    %assign/vec4 v000001cd95263510_0, 0;
    %jmp T_13.6;
T_13.2 ;
    %pushi/vec4 8, 0, 4;
    %assign/vec4 v000001cd95263510_0, 0;
    %jmp T_13.6;
T_13.3 ;
    %pushi/vec4 0, 0, 4;
    %assign/vec4 v000001cd95263510_0, 0;
    %jmp T_13.6;
T_13.4 ;
    %pushi/vec4 9, 0, 4;
    %assign/vec4 v000001cd95263510_0, 0;
    %jmp T_13.6;
T_13.6 ;
    %pop/vec4 1;
    %jmp T_13.1;
T_13.0 ;
    %load/vec4 v000001cd95263470_0;
    %nor/r;
    %flag_set/vec4 8;
    %jmp/0xz  T_13.7, 8;
    %load/vec4 v000001cd95264af0_0;
    %assign/vec4 v000001cd95263510_0, 0;
T_13.7 ;
T_13.1 ;
    %jmp T_13;
    .thread T_13;
    .scope S_000001cd951d43d0;
T_14 ;
    %wait E_000001cd95204bd0;
    %load/vec4 v000001cd95266e70_0;
    %pad/u 32;
    %cmpi/e 0, 0, 32;
    %flag_get/vec4 4;
    %jmp/0 T_14.2, 4;
    %load/vec4 v000001cd95265610_0;
    %pad/u 32;
    %pushi/vec4 0, 0, 32;
    %cmp/e;
    %flag_get/vec4 4;
    %and;
T_14.2;
    %flag_set/vec4 8;
    %jmp/0xz  T_14.0, 8;
    %load/vec4 v000001cd95265570_0;
    %assign/vec4 v000001cd95265570_0, 0;
    %jmp T_14.1;
T_14.0 ;
    %load/vec4 v000001cd95266e70_0;
    %pad/u 32;
    %cmpi/e 0, 0, 32;
    %flag_get/vec4 4;
    %jmp/0 T_14.5, 4;
    %load/vec4 v000001cd95265610_0;
    %pad/u 32;
    %pushi/vec4 1, 0, 32;
    %cmp/e;
    %flag_get/vec4 4;
    %and;
T_14.5;
    %flag_set/vec4 8;
    %jmp/0xz  T_14.3, 8;
    %pushi/vec4 0, 0, 1;
    %assign/vec4 v000001cd95265570_0, 0;
    %jmp T_14.4;
T_14.3 ;
    %load/vec4 v000001cd95266e70_0;
    %pad/u 32;
    %cmpi/e 1, 0, 32;
    %flag_get/vec4 4;
    %jmp/0 T_14.8, 4;
    %load/vec4 v000001cd95265610_0;
    %pad/u 32;
    %pushi/vec4 0, 0, 32;
    %cmp/e;
    %flag_get/vec4 4;
    %and;
T_14.8;
    %flag_set/vec4 8;
    %jmp/0xz  T_14.6, 8;
    %pushi/vec4 1, 0, 1;
    %assign/vec4 v000001cd95265570_0, 0;
    %jmp T_14.7;
T_14.6 ;
    %load/vec4 v000001cd95266e70_0;
    %pad/u 32;
    %cmpi/e 1, 0, 32;
    %flag_get/vec4 4;
    %jmp/0 T_14.11, 4;
    %load/vec4 v000001cd95265610_0;
    %pad/u 32;
    %pushi/vec4 1, 0, 32;
    %cmp/e;
    %flag_get/vec4 4;
    %and;
T_14.11;
    %flag_set/vec4 8;
    %jmp/0xz  T_14.9, 8;
    %pushi/vec4 0, 0, 1;
    %assign/vec4 v000001cd95265570_0, 0;
T_14.9 ;
T_14.7 ;
T_14.4 ;
T_14.1 ;
    %jmp T_14;
    .thread T_14, $push;
    .scope S_000001cd951e6a00;
T_15 ;
    %wait E_000001cd95206c90;
    %load/vec4 v000001cd95266ab0_0;
    %dup/vec4;
    %pushi/vec4 0, 0, 4;
    %cmp/u;
    %jmp/1 T_15.0, 6;
    %dup/vec4;
    %pushi/vec4 1, 0, 4;
    %cmp/u;
    %jmp/1 T_15.1, 6;
    %dup/vec4;
    %pushi/vec4 2, 0, 4;
    %cmp/u;
    %jmp/1 T_15.2, 6;
    %dup/vec4;
    %pushi/vec4 3, 0, 4;
    %cmp/u;
    %jmp/1 T_15.3, 6;
    %dup/vec4;
    %pushi/vec4 4, 0, 4;
    %cmp/u;
    %jmp/1 T_15.4, 6;
    %dup/vec4;
    %pushi/vec4 5, 0, 4;
    %cmp/u;
    %jmp/1 T_15.5, 6;
    %dup/vec4;
    %pushi/vec4 6, 0, 4;
    %cmp/u;
    %jmp/1 T_15.6, 6;
    %dup/vec4;
    %pushi/vec4 7, 0, 4;
    %cmp/u;
    %jmp/1 T_15.7, 6;
    %dup/vec4;
    %pushi/vec4 8, 0, 4;
    %cmp/u;
    %jmp/1 T_15.8, 6;
    %dup/vec4;
    %pushi/vec4 9, 0, 4;
    %cmp/u;
    %jmp/1 T_15.9, 6;
    %jmp T_15.10;
T_15.0 ;
    %pushi/vec4 1, 0, 7;
    %store/vec4 v000001cd95266510_0, 0, 7;
    %jmp T_15.10;
T_15.1 ;
    %pushi/vec4 79, 0, 7;
    %store/vec4 v000001cd95266510_0, 0, 7;
    %jmp T_15.10;
T_15.2 ;
    %pushi/vec4 18, 0, 7;
    %store/vec4 v000001cd95266510_0, 0, 7;
    %jmp T_15.10;
T_15.3 ;
    %pushi/vec4 6, 0, 7;
    %store/vec4 v000001cd95266510_0, 0, 7;
    %jmp T_15.10;
T_15.4 ;
    %pushi/vec4 76, 0, 7;
    %store/vec4 v000001cd95266510_0, 0, 7;
    %jmp T_15.10;
T_15.5 ;
    %pushi/vec4 36, 0, 7;
    %store/vec4 v000001cd95266510_0, 0, 7;
    %jmp T_15.10;
T_15.6 ;
    %pushi/vec4 32, 0, 7;
    %store/vec4 v000001cd95266510_0, 0, 7;
    %jmp T_15.10;
T_15.7 ;
    %pushi/vec4 13, 0, 7;
    %store/vec4 v000001cd95266510_0, 0, 7;
    %jmp T_15.10;
T_15.8 ;
    %pushi/vec4 0, 0, 7;
    %store/vec4 v000001cd95266510_0, 0, 7;
    %jmp T_15.10;
T_15.9 ;
    %pushi/vec4 4, 0, 7;
    %store/vec4 v000001cd95266510_0, 0, 7;
    %jmp T_15.10;
T_15.10 ;
    %pop/vec4 1;
    %jmp T_15;
    .thread T_15, $push;
    .scope S_000001cd951e6a00;
T_16 ;
    %wait E_000001cd95206b10;
    %load/vec4 v000001cd95265430_0;
    %dup/vec4;
    %pushi/vec4 0, 0, 4;
    %cmp/u;
    %jmp/1 T_16.0, 6;
    %dup/vec4;
    %pushi/vec4 1, 0, 4;
    %cmp/u;
    %jmp/1 T_16.1, 6;
    %dup/vec4;
    %pushi/vec4 2, 0, 4;
    %cmp/u;
    %jmp/1 T_16.2, 6;
    %dup/vec4;
    %pushi/vec4 3, 0, 4;
    %cmp/u;
    %jmp/1 T_16.3, 6;
    %dup/vec4;
    %pushi/vec4 4, 0, 4;
    %cmp/u;
    %jmp/1 T_16.4, 6;
    %dup/vec4;
    %pushi/vec4 5, 0, 4;
    %cmp/u;
    %jmp/1 T_16.5, 6;
    %dup/vec4;
    %pushi/vec4 6, 0, 4;
    %cmp/u;
    %jmp/1 T_16.6, 6;
    %dup/vec4;
    %pushi/vec4 7, 0, 4;
    %cmp/u;
    %jmp/1 T_16.7, 6;
    %dup/vec4;
    %pushi/vec4 8, 0, 4;
    %cmp/u;
    %jmp/1 T_16.8, 6;
    %dup/vec4;
    %pushi/vec4 9, 0, 4;
    %cmp/u;
    %jmp/1 T_16.9, 6;
    %jmp T_16.10;
T_16.0 ;
    %pushi/vec4 1, 0, 7;
    %store/vec4 v000001cd95264fd0_0, 0, 7;
    %jmp T_16.10;
T_16.1 ;
    %pushi/vec4 79, 0, 7;
    %store/vec4 v000001cd95264fd0_0, 0, 7;
    %jmp T_16.10;
T_16.2 ;
    %pushi/vec4 18, 0, 7;
    %store/vec4 v000001cd95264fd0_0, 0, 7;
    %jmp T_16.10;
T_16.3 ;
    %pushi/vec4 6, 0, 7;
    %store/vec4 v000001cd95264fd0_0, 0, 7;
    %jmp T_16.10;
T_16.4 ;
    %pushi/vec4 76, 0, 7;
    %store/vec4 v000001cd95264fd0_0, 0, 7;
    %jmp T_16.10;
T_16.5 ;
    %pushi/vec4 36, 0, 7;
    %store/vec4 v000001cd95264fd0_0, 0, 7;
    %jmp T_16.10;
T_16.6 ;
    %pushi/vec4 32, 0, 7;
    %store/vec4 v000001cd95264fd0_0, 0, 7;
    %jmp T_16.10;
T_16.7 ;
    %pushi/vec4 13, 0, 7;
    %store/vec4 v000001cd95264fd0_0, 0, 7;
    %jmp T_16.10;
T_16.8 ;
    %pushi/vec4 0, 0, 7;
    %store/vec4 v000001cd95264fd0_0, 0, 7;
    %jmp T_16.10;
T_16.9 ;
    %pushi/vec4 4, 0, 7;
    %store/vec4 v000001cd95264fd0_0, 0, 7;
    %jmp T_16.10;
T_16.10 ;
    %pop/vec4 1;
    %jmp T_16;
    .thread T_16, $push;
    .scope S_000001cd951e6a00;
T_17 ;
    %wait E_000001cd95206ad0;
    %load/vec4 v000001cd952663d0_0;
    %dup/vec4;
    %pushi/vec4 0, 0, 4;
    %cmp/u;
    %jmp/1 T_17.0, 6;
    %dup/vec4;
    %pushi/vec4 1, 0, 4;
    %cmp/u;
    %jmp/1 T_17.1, 6;
    %dup/vec4;
    %pushi/vec4 2, 0, 4;
    %cmp/u;
    %jmp/1 T_17.2, 6;
    %dup/vec4;
    %pushi/vec4 3, 0, 4;
    %cmp/u;
    %jmp/1 T_17.3, 6;
    %dup/vec4;
    %pushi/vec4 4, 0, 4;
    %cmp/u;
    %jmp/1 T_17.4, 6;
    %dup/vec4;
    %pushi/vec4 5, 0, 4;
    %cmp/u;
    %jmp/1 T_17.5, 6;
    %dup/vec4;
    %pushi/vec4 6, 0, 4;
    %cmp/u;
    %jmp/1 T_17.6, 6;
    %dup/vec4;
    %pushi/vec4 7, 0, 4;
    %cmp/u;
    %jmp/1 T_17.7, 6;
    %dup/vec4;
    %pushi/vec4 8, 0, 4;
    %cmp/u;
    %jmp/1 T_17.8, 6;
    %dup/vec4;
    %pushi/vec4 9, 0, 4;
    %cmp/u;
    %jmp/1 T_17.9, 6;
    %jmp T_17.10;
T_17.0 ;
    %pushi/vec4 1, 0, 7;
    %store/vec4 v000001cd952665b0_0, 0, 7;
    %jmp T_17.10;
T_17.1 ;
    %pushi/vec4 79, 0, 7;
    %store/vec4 v000001cd952665b0_0, 0, 7;
    %jmp T_17.10;
T_17.2 ;
    %pushi/vec4 18, 0, 7;
    %store/vec4 v000001cd952665b0_0, 0, 7;
    %jmp T_17.10;
T_17.3 ;
    %pushi/vec4 6, 0, 7;
    %store/vec4 v000001cd952665b0_0, 0, 7;
    %jmp T_17.10;
T_17.4 ;
    %pushi/vec4 76, 0, 7;
    %store/vec4 v000001cd952665b0_0, 0, 7;
    %jmp T_17.10;
T_17.5 ;
    %pushi/vec4 36, 0, 7;
    %store/vec4 v000001cd952665b0_0, 0, 7;
    %jmp T_17.10;
T_17.6 ;
    %pushi/vec4 32, 0, 7;
    %store/vec4 v000001cd952665b0_0, 0, 7;
    %jmp T_17.10;
T_17.7 ;
    %pushi/vec4 13, 0, 7;
    %store/vec4 v000001cd952665b0_0, 0, 7;
    %jmp T_17.10;
T_17.8 ;
    %pushi/vec4 0, 0, 7;
    %store/vec4 v000001cd952665b0_0, 0, 7;
    %jmp T_17.10;
T_17.9 ;
    %pushi/vec4 4, 0, 7;
    %store/vec4 v000001cd952665b0_0, 0, 7;
    %jmp T_17.10;
T_17.10 ;
    %pop/vec4 1;
    %jmp T_17;
    .thread T_17, $push;
    .scope S_000001cd951e3b40;
T_18 ;
    %pushi/vec4 0, 0, 1;
    %store/vec4 v000001cd95267260_0, 0, 1;
    %end;
    .thread T_18;
    .scope S_000001cd951e3b40;
T_19 ;
    %delay 1000, 0;
    %load/vec4 v000001cd95267260_0;
    %inv;
    %store/vec4 v000001cd95267260_0, 0, 1;
    %jmp T_19;
    .thread T_19;
    .scope S_000001cd951e3b40;
T_20 ;
    %vpi_call 2 22 "$dumpfile", "nivel1.vcd" {0 0 0};
    %vpi_call 2 23 "$dumpvars", 32'sb00000000000000000000000000000000, S_000001cd951e3b40 {0 0 0};
    %end;
    .thread T_20;
    .scope S_000001cd951e3b40;
T_21 ;
    %pushi/vec4 0, 0, 10;
    %store/vec4 v000001cd95267940_0, 0, 10;
    %pushi/vec4 1, 0, 1;
    %store/vec4 v000001cd95268b60_0, 0, 1;
    %pushi/vec4 0, 0, 1;
    %store/vec4 v000001cd95268c00_0, 0, 1;
    %pushi/vec4 0, 0, 1;
    %store/vec4 v000001cd952673a0_0, 0, 1;
    %pushi/vec4 1, 0, 1;
    %store/vec4 v000001cd952680c0_0, 0, 1;
    %delay 100000, 0;
    %pushi/vec4 0, 0, 1;
    %store/vec4 v000001cd952680c0_0, 0, 1;
    %delay 100000, 0;
    %delay 1000000, 0;
    %pushi/vec4 4, 0, 10;
    %store/vec4 v000001cd95267940_0, 0, 10;
    %delay 1000000, 0;
    %pushi/vec4 0, 0, 10;
    %store/vec4 v000001cd95267940_0, 0, 10;
    %delay 1000000, 0;
    %pushi/vec4 32, 0, 10;
    %store/vec4 v000001cd95267940_0, 0, 10;
    %delay 1000000, 0;
    %pushi/vec4 0, 0, 10;
    %store/vec4 v000001cd95267940_0, 0, 10;
    %delay 1000000, 0;
    %pushi/vec4 512, 0, 10;
    %store/vec4 v000001cd95267940_0, 0, 10;
    %delay 1000000, 0;
    %pushi/vec4 0, 0, 10;
    %store/vec4 v000001cd95267940_0, 0, 10;
    %delay 1000000, 0;
    %pushi/vec4 512, 0, 10;
    %store/vec4 v000001cd95267940_0, 0, 10;
    %delay 1000000, 0;
    %pushi/vec4 0, 0, 10;
    %store/vec4 v000001cd95267940_0, 0, 10;
    %delay 1000000, 0;
    %pushi/vec4 512, 0, 10;
    %store/vec4 v000001cd95267940_0, 0, 10;
    %delay 1000000, 0;
    %pushi/vec4 0, 0, 10;
    %store/vec4 v000001cd95267940_0, 0, 10;
    %delay 1000000, 0;
    %pushi/vec4 1, 0, 1;
    %store/vec4 v000001cd952673a0_0, 0, 1;
    %vpi_call 2 93 "$monitor", "Tempo: %0d - Keypad: %b - Clock: %b - Startn: %b - Stopn: %b - Door_closed: %b - Clearn: %b - Segundos: %b - Dezenas: %b - Minutos: %b - Mag_on: %b", $time, v000001cd95267940_0, v000001cd95267260_0, v000001cd952673a0_0, v000001cd95268c00_0, v000001cd95268b60_0, v000001cd952680c0_0, v000001cd95268020_0, v000001cd95268ac0_0, v000001cd95267580_0, v000001cd952688e0_0 {0 0 0};
    %delay 100000000, 0;
    %vpi_call 2 96 "$finish" {0 0 0};
    %end;
    .thread T_21;
# The file index is used to find the file name in the following table.
:file_names 16;
    "N/A";
    "<interactive>";
    ".\nivel1_tb.v";
    "./nivel1.v";
    "./nivel2/contador/contador_nivel2.v";
    "./nivel2/contador/nivel3/contador_mod10/contador_mod10.v";
    "./nivel2/contador/nivel3/contador_mod6/contador_mod6.v";
    "./nivel2/decodificador/decodificador.v";
    "./nivel2/entrada_time/entrada_time_nivel2.v";
    "./nivel2/entrada_time/nivel3/codificador_priori/codificador_priori.v";
    "./nivel2/entrada_time/nivel3/cont_assincrono/counter_assin.v";
    "./nivel2/entrada_time/nivel3/divisor_freq/divi.v";
    "./nivel2/entrada_time/nivel3/mux/mux.v";
    "./nivel2/magnetron/nivel2_controle.v";
    "./nivel2/magnetron/nivel3/circuito_logico/control_mag.v";
    "./nivel2/magnetron/nivel3/latch/latch.v";
