#! /c/Source/iverilog-install/bin/vvp
:ivl_version "12.0 (devel)" "(s20150603-1539-g2693dd32b)";
:ivl_delay_selection "TYPICAL";
:vpi_time_precision - 12;
:vpi_module "C:\iverilog\lib\ivl\system.vpi";
:vpi_module "C:\iverilog\lib\ivl\vhdl_sys.vpi";
:vpi_module "C:\iverilog\lib\ivl\vhdl_textio.vpi";
:vpi_module "C:\iverilog\lib\ivl\v2005_math.vpi";
:vpi_module "C:\iverilog\lib\ivl\va_math.vpi";
S_000001e5cba144b0 .scope module, "contador_nivel2_teste" "contador_nivel2_teste" 2 4;
 .timescale -9 -12;
v000001e5cba85100_0 .var "clock_TB", 0 0;
v000001e5cba85600_0 .var "clrn_TB", 0 0;
v000001e5cba85240_0 .var "data_TB", 3 0;
v000001e5cba856a0_0 .var "enable_TB", 0 0;
v000001e5cba847a0_0 .var "loadn_TB", 0 0;
v000001e5cba83e40_0 .net "mins_TB", 3 0, v000001e5cba0f6b0_0;  1 drivers
v000001e5cba84840_0 .net "sec_ones_TB", 3 0, v000001e5cba854c0_0;  1 drivers
v000001e5cba85740_0 .net "sec_tens_TB", 3 0, v000001e5cba84480_0;  1 drivers
v000001e5cba83940_0 .net "timer_done_TB", 0 0, L_000001e5cba28680;  1 drivers
S_000001e5cba11a30 .scope module, "DUT" "contador_nivel2" 2 10, 3 5 0, S_000001e5cba144b0;
 .timescale -9 -12;
    .port_info 0 /INPUT 4 "data";
    .port_info 1 /INPUT 1 "clk";
    .port_info 2 /INPUT 1 "enable";
    .port_info 3 /INPUT 1 "loadn";
    .port_info 4 /INPUT 1 "clrn";
    .port_info 5 /OUTPUT 4 "count_ONES";
    .port_info 6 /OUTPUT 4 "count_TENS";
    .port_info 7 /OUTPUT 4 "count_MINS";
    .port_info 8 /OUTPUT 1 "zero";
L_000001e5cba28450 .functor AND 1, L_000001e5cba84b60, L_000001e5cba84a20, C4<1>, C4<1>;
L_000001e5cba28680 .functor AND 1, L_000001e5cba28450, L_000001e5cba86850, C4<1>, C4<1>;
v000001e5cba84de0_0 .net *"_ivl_0", 0 0, L_000001e5cba28450;  1 drivers
v000001e5cba842a0_0 .net "clk", 0 0, v000001e5cba85100_0;  1 drivers
o000001e5cba2b008 .functor BUFZ 1, C4<z>; HiZ drive
v000001e5cba84160_0 .net "clock", 0 0, o000001e5cba2b008;  0 drivers
v000001e5cba843e0_0 .net "clrn", 0 0, v000001e5cba85600_0;  1 drivers
v000001e5cba84520_0 .net "count_MINS", 3 0, v000001e5cba0f6b0_0;  alias, 1 drivers
v000001e5cba845c0_0 .net "count_ONES", 3 0, v000001e5cba854c0_0;  alias, 1 drivers
v000001e5cba85380_0 .net "count_TENS", 3 0, v000001e5cba84480_0;  alias, 1 drivers
v000001e5cba84660_0 .net "data", 3 0, v000001e5cba85240_0;  1 drivers
v000001e5cba85060_0 .net "enable", 0 0, v000001e5cba856a0_0;  1 drivers
v000001e5cba851a0_0 .net "loadn", 0 0, v000001e5cba847a0_0;  1 drivers
v000001e5cba83d00_0 .net "tc1", 0 0, L_000001e5cba28d10;  1 drivers
v000001e5cba83b20_0 .net "tc2", 0 0, L_000001e5cba28b50;  1 drivers
v000001e5cba85420_0 .net "tc3", 0 0, L_000001e5cba28e60;  1 drivers
v000001e5cba85560_0 .net "zero", 0 0, L_000001e5cba28680;  alias, 1 drivers
v000001e5cba83da0_0 .net "zero1", 0 0, L_000001e5cba84b60;  1 drivers
v000001e5cba83bc0_0 .net "zero2", 0 0, L_000001e5cba84a20;  1 drivers
v000001e5cba83a80_0 .net "zero3", 0 0, L_000001e5cba86850;  1 drivers
S_000001e5cba11bc0 .scope module, "MINS" "contador_mod10" 3 26, 4 1 0, S_000001e5cba11a30;
 .timescale -9 -12;
    .port_info 0 /INPUT 4 "data";
    .port_info 1 /INPUT 1 "clk";
    .port_info 2 /INPUT 1 "loadn";
    .port_info 3 /INPUT 1 "en";
    .port_info 4 /INPUT 1 "clrn";
    .port_info 5 /OUTPUT 4 "count";
    .port_info 6 /OUTPUT 1 "tc";
    .port_info 7 /OUTPUT 1 "zero";
L_000001e5cba28e60 .functor AND 1, L_000001e5cba28b50, L_000001e5cba86850, C4<1>, C4<1>;
L_000001e5cbb70238 .functor BUFT 1, C4<0000>, C4<0>, C4<0>, C4<0>;
v000001e5cba0fa70_0 .net/2u *"_ivl_0", 3 0, L_000001e5cbb70238;  1 drivers
v000001e5cba0f890_0 .net *"_ivl_2", 0 0, L_000001e5cba84c00;  1 drivers
L_000001e5cbb70280 .functor BUFT 1, C4<1>, C4<0>, C4<0>, C4<0>;
v000001e5cba10150_0 .net/2u *"_ivl_4", 0 0, L_000001e5cbb70280;  1 drivers
L_000001e5cbb702c8 .functor BUFT 1, C4<0>, C4<0>, C4<0>, C4<0>;
v000001e5cba0ff70_0 .net/2u *"_ivl_6", 0 0, L_000001e5cbb702c8;  1 drivers
v000001e5cba0f7f0_0 .net "clk", 0 0, o000001e5cba2b008;  alias, 0 drivers
v000001e5cba10010_0 .net "clrn", 0 0, v000001e5cba85600_0;  alias, 1 drivers
v000001e5cba0f6b0_0 .var "count", 3 0;
v000001e5cba0f2f0_0 .net "data", 3 0, v000001e5cba84480_0;  alias, 1 drivers
v000001e5cba0f390_0 .net "en", 0 0, L_000001e5cba28b50;  alias, 1 drivers
v000001e5cba0f9d0_0 .net "loadn", 0 0, v000001e5cba847a0_0;  alias, 1 drivers
v000001e5cba0f430_0 .net "tc", 0 0, L_000001e5cba28e60;  alias, 1 drivers
v000001e5cba0f930_0 .net "zero", 0 0, L_000001e5cba86850;  alias, 1 drivers
E_000001e5cba0e8c0 .event posedge, v000001e5cba0f7f0_0;
E_000001e5cba0e540 .event negedge, v000001e5cba10010_0;
L_000001e5cba84c00 .cmp/eq 4, v000001e5cba0f6b0_0, L_000001e5cbb70238;
L_000001e5cba86850 .functor MUXZ 1, L_000001e5cbb702c8, L_000001e5cbb70280, L_000001e5cba84c00, C4<>;
S_000001e5cba205b0 .scope module, "ONES" "contador_mod10" 3 24, 4 1 0, S_000001e5cba11a30;
 .timescale -9 -12;
    .port_info 0 /INPUT 4 "data";
    .port_info 1 /INPUT 1 "clk";
    .port_info 2 /INPUT 1 "loadn";
    .port_info 3 /INPUT 1 "en";
    .port_info 4 /INPUT 1 "clrn";
    .port_info 5 /OUTPUT 4 "count";
    .port_info 6 /OUTPUT 1 "tc";
    .port_info 7 /OUTPUT 1 "zero";
L_000001e5cba28d10 .functor AND 1, v000001e5cba856a0_0, L_000001e5cba84b60, C4<1>, C4<1>;
L_000001e5cbb70088 .functor BUFT 1, C4<0000>, C4<0>, C4<0>, C4<0>;
v000001e5cba0fb10_0 .net/2u *"_ivl_0", 3 0, L_000001e5cbb70088;  1 drivers
v000001e5cba0fbb0_0 .net *"_ivl_2", 0 0, L_000001e5cba848e0;  1 drivers
L_000001e5cbb700d0 .functor BUFT 1, C4<1>, C4<0>, C4<0>, C4<0>;
v000001e5cba0fc50_0 .net/2u *"_ivl_4", 0 0, L_000001e5cbb700d0;  1 drivers
L_000001e5cbb70118 .functor BUFT 1, C4<0>, C4<0>, C4<0>, C4<0>;
v000001e5cba0f750_0 .net/2u *"_ivl_6", 0 0, L_000001e5cbb70118;  1 drivers
v000001e5cba100b0_0 .net "clk", 0 0, o000001e5cba2b008;  alias, 0 drivers
v000001e5cba84ca0_0 .net "clrn", 0 0, v000001e5cba85600_0;  alias, 1 drivers
v000001e5cba854c0_0 .var "count", 3 0;
v000001e5cba84ac0_0 .net "data", 3 0, v000001e5cba85240_0;  alias, 1 drivers
v000001e5cba84700_0 .net "en", 0 0, v000001e5cba856a0_0;  alias, 1 drivers
v000001e5cba83c60_0 .net "loadn", 0 0, v000001e5cba847a0_0;  alias, 1 drivers
v000001e5cba838a0_0 .net "tc", 0 0, L_000001e5cba28d10;  alias, 1 drivers
v000001e5cba84020_0 .net "zero", 0 0, L_000001e5cba84b60;  alias, 1 drivers
L_000001e5cba848e0 .cmp/eq 4, v000001e5cba854c0_0, L_000001e5cbb70088;
L_000001e5cba84b60 .functor MUXZ 1, L_000001e5cbb70118, L_000001e5cbb700d0, L_000001e5cba848e0, C4<>;
S_000001e5cba20740 .scope module, "TENS" "contador_mod6" 3 25, 5 1 0, S_000001e5cba11a30;
 .timescale -9 -12;
    .port_info 0 /INPUT 4 "data";
    .port_info 1 /INPUT 1 "clk";
    .port_info 2 /INPUT 1 "loadn";
    .port_info 3 /INPUT 1 "en";
    .port_info 4 /INPUT 1 "clrn";
    .port_info 5 /OUTPUT 4 "count";
    .port_info 6 /OUTPUT 1 "tc";
    .port_info 7 /OUTPUT 1 "zero";
L_000001e5cba28b50 .functor AND 1, L_000001e5cba28d10, L_000001e5cba84a20, C4<1>, C4<1>;
L_000001e5cbb70160 .functor BUFT 1, C4<0000>, C4<0>, C4<0>, C4<0>;
v000001e5cba83ee0_0 .net/2u *"_ivl_0", 3 0, L_000001e5cbb70160;  1 drivers
v000001e5cba852e0_0 .net *"_ivl_2", 0 0, L_000001e5cba84980;  1 drivers
L_000001e5cbb701a8 .functor BUFT 1, C4<1>, C4<0>, C4<0>, C4<0>;
v000001e5cba84340_0 .net/2u *"_ivl_4", 0 0, L_000001e5cbb701a8;  1 drivers
L_000001e5cbb701f0 .functor BUFT 1, C4<0>, C4<0>, C4<0>, C4<0>;
v000001e5cba839e0_0 .net/2u *"_ivl_6", 0 0, L_000001e5cbb701f0;  1 drivers
v000001e5cba84200_0 .net "clk", 0 0, o000001e5cba2b008;  alias, 0 drivers
v000001e5cba84e80_0 .net "clrn", 0 0, v000001e5cba85600_0;  alias, 1 drivers
v000001e5cba84480_0 .var "count", 3 0;
v000001e5cba84fc0_0 .net "data", 3 0, v000001e5cba854c0_0;  alias, 1 drivers
v000001e5cba840c0_0 .net "en", 0 0, L_000001e5cba28d10;  alias, 1 drivers
v000001e5cba83f80_0 .net "loadn", 0 0, v000001e5cba847a0_0;  alias, 1 drivers
v000001e5cba84d40_0 .net "tc", 0 0, L_000001e5cba28b50;  alias, 1 drivers
v000001e5cba84f20_0 .net "zero", 0 0, L_000001e5cba84a20;  alias, 1 drivers
L_000001e5cba84980 .cmp/eq 4, v000001e5cba84480_0, L_000001e5cbb70160;
L_000001e5cba84a20 .functor MUXZ 1, L_000001e5cbb701f0, L_000001e5cbb701a8, L_000001e5cba84980, C4<>;
    .scope S_000001e5cba205b0;
T_0 ;
    %wait E_000001e5cba0e540;
    %pushi/vec4 0, 0, 4;
    %store/vec4 v000001e5cba854c0_0, 0, 4;
    %jmp T_0;
    .thread T_0;
    .scope S_000001e5cba205b0;
T_1 ;
    %wait E_000001e5cba0e8c0;
    %load/vec4 v000001e5cba84700_0;
    %flag_set/vec4 8;
    %jmp/0xz  T_1.0, 8;
    %load/vec4 v000001e5cba854c0_0;
    %dup/vec4;
    %pushi/vec4 9, 0, 4;
    %cmp/u;
    %jmp/1 T_1.2, 6;
    %dup/vec4;
    %pushi/vec4 1, 0, 4;
    %cmp/u;
    %jmp/1 T_1.3, 6;
    %dup/vec4;
    %pushi/vec4 0, 0, 4;
    %cmp/u;
    %jmp/1 T_1.4, 6;
    %load/vec4 v000001e5cba854c0_0;
    %subi 1, 0, 4;
    %assign/vec4 v000001e5cba854c0_0, 0;
    %jmp T_1.6;
T_1.2 ;
    %pushi/vec4 8, 0, 4;
    %assign/vec4 v000001e5cba854c0_0, 0;
    %jmp T_1.6;
T_1.3 ;
    %pushi/vec4 0, 0, 4;
    %assign/vec4 v000001e5cba854c0_0, 0;
    %jmp T_1.6;
T_1.4 ;
    %pushi/vec4 9, 0, 4;
    %assign/vec4 v000001e5cba854c0_0, 0;
    %jmp T_1.6;
T_1.6 ;
    %pop/vec4 1;
    %jmp T_1.1;
T_1.0 ;
    %load/vec4 v000001e5cba83c60_0;
    %nor/r;
    %flag_set/vec4 8;
    %jmp/0xz  T_1.7, 8;
    %load/vec4 v000001e5cba84ac0_0;
    %assign/vec4 v000001e5cba854c0_0, 0;
T_1.7 ;
T_1.1 ;
    %jmp T_1;
    .thread T_1;
    .scope S_000001e5cba20740;
T_2 ;
    %wait E_000001e5cba0e540;
    %pushi/vec4 0, 0, 4;
    %store/vec4 v000001e5cba84480_0, 0, 4;
    %jmp T_2;
    .thread T_2;
    .scope S_000001e5cba20740;
T_3 ;
    %wait E_000001e5cba0e8c0;
    %load/vec4 v000001e5cba840c0_0;
    %flag_set/vec4 8;
    %jmp/0xz  T_3.0, 8;
    %load/vec4 v000001e5cba84480_0;
    %dup/vec4;
    %pushi/vec4 5, 0, 4;
    %cmp/u;
    %jmp/1 T_3.2, 6;
    %dup/vec4;
    %pushi/vec4 1, 0, 4;
    %cmp/u;
    %jmp/1 T_3.3, 6;
    %dup/vec4;
    %pushi/vec4 0, 0, 4;
    %cmp/u;
    %jmp/1 T_3.4, 6;
    %load/vec4 v000001e5cba84480_0;
    %subi 1, 0, 4;
    %assign/vec4 v000001e5cba84480_0, 0;
    %jmp T_3.6;
T_3.2 ;
    %pushi/vec4 4, 0, 4;
    %assign/vec4 v000001e5cba84480_0, 0;
    %jmp T_3.6;
T_3.3 ;
    %pushi/vec4 0, 0, 4;
    %assign/vec4 v000001e5cba84480_0, 0;
    %jmp T_3.6;
T_3.4 ;
    %pushi/vec4 5, 0, 4;
    %assign/vec4 v000001e5cba84480_0, 0;
    %jmp T_3.6;
T_3.6 ;
    %pop/vec4 1;
    %jmp T_3.1;
T_3.0 ;
    %load/vec4 v000001e5cba83f80_0;
    %nor/r;
    %flag_set/vec4 8;
    %jmp/0xz  T_3.7, 8;
    %load/vec4 v000001e5cba84fc0_0;
    %assign/vec4 v000001e5cba84480_0, 0;
T_3.7 ;
T_3.1 ;
    %jmp T_3;
    .thread T_3;
    .scope S_000001e5cba11bc0;
T_4 ;
    %wait E_000001e5cba0e540;
    %pushi/vec4 0, 0, 4;
    %store/vec4 v000001e5cba0f6b0_0, 0, 4;
    %jmp T_4;
    .thread T_4;
    .scope S_000001e5cba11bc0;
T_5 ;
    %wait E_000001e5cba0e8c0;
    %load/vec4 v000001e5cba0f390_0;
    %flag_set/vec4 8;
    %jmp/0xz  T_5.0, 8;
    %load/vec4 v000001e5cba0f6b0_0;
    %dup/vec4;
    %pushi/vec4 9, 0, 4;
    %cmp/u;
    %jmp/1 T_5.2, 6;
    %dup/vec4;
    %pushi/vec4 1, 0, 4;
    %cmp/u;
    %jmp/1 T_5.3, 6;
    %dup/vec4;
    %pushi/vec4 0, 0, 4;
    %cmp/u;
    %jmp/1 T_5.4, 6;
    %load/vec4 v000001e5cba0f6b0_0;
    %subi 1, 0, 4;
    %assign/vec4 v000001e5cba0f6b0_0, 0;
    %jmp T_5.6;
T_5.2 ;
    %pushi/vec4 8, 0, 4;
    %assign/vec4 v000001e5cba0f6b0_0, 0;
    %jmp T_5.6;
T_5.3 ;
    %pushi/vec4 0, 0, 4;
    %assign/vec4 v000001e5cba0f6b0_0, 0;
    %jmp T_5.6;
T_5.4 ;
    %pushi/vec4 9, 0, 4;
    %assign/vec4 v000001e5cba0f6b0_0, 0;
    %jmp T_5.6;
T_5.6 ;
    %pop/vec4 1;
    %jmp T_5.1;
T_5.0 ;
    %load/vec4 v000001e5cba0f9d0_0;
    %nor/r;
    %flag_set/vec4 8;
    %jmp/0xz  T_5.7, 8;
    %load/vec4 v000001e5cba0f2f0_0;
    %assign/vec4 v000001e5cba0f6b0_0, 0;
T_5.7 ;
T_5.1 ;
    %jmp T_5;
    .thread T_5;
    .scope S_000001e5cba144b0;
T_6 ;
    %vpi_call 2 14 "$dumpfile", "contador_nivel2_teste.vcd" {0 0 0};
    %vpi_call 2 15 "$dumpvars", 32'sb00000000000000000000000000000000, S_000001e5cba144b0 {0 0 0};
    %pushi/vec4 0, 0, 1;
    %store/vec4 v000001e5cba85100_0, 0, 1;
    %pushi/vec4 0, 0, 1;
    %store/vec4 v000001e5cba856a0_0, 0, 1;
    %pushi/vec4 0, 0, 1;
    %store/vec4 v000001e5cba847a0_0, 0, 1;
    %end;
    .thread T_6;
    .scope S_000001e5cba144b0;
T_7 ;
    %delay 1000, 0;
    %load/vec4 v000001e5cba847a0_0;
    %flag_set/vec4 8;
    %jmp/0 T_7.0, 8;
    %load/vec4 v000001e5cba85100_0;
    %inv;
    %jmp/1 T_7.1, 8;
T_7.0 ; End of true expr.
    %load/vec4 v000001e5cba85100_0;
    %jmp/0 T_7.1, 8;
 ; End of false expr.
    %blend;
T_7.1;
    %store/vec4 v000001e5cba85100_0, 0, 1;
    %jmp T_7;
    .thread T_7;
    .scope S_000001e5cba144b0;
T_8 ;
    %pushi/vec4 1, 0, 1;
    %store/vec4 v000001e5cba85600_0, 0, 1;
    %delay 500, 0;
    %pushi/vec4 0, 0, 1;
    %store/vec4 v000001e5cba85600_0, 0, 1;
    %delay 500, 0;
    %pushi/vec4 1, 0, 1;
    %store/vec4 v000001e5cba85600_0, 0, 1;
    %delay 500, 0;
    %pushi/vec4 2, 0, 4;
    %store/vec4 v000001e5cba85240_0, 0, 4;
    %delay 40, 0;
    %pushi/vec4 1, 0, 1;
    %store/vec4 v000001e5cba85100_0, 0, 1;
    %delay 10, 0;
    %pushi/vec4 0, 0, 1;
    %store/vec4 v000001e5cba85100_0, 0, 1;
    %delay 950, 0;
    %pushi/vec4 1, 0, 4;
    %store/vec4 v000001e5cba85240_0, 0, 4;
    %delay 40, 0;
    %pushi/vec4 1, 0, 1;
    %store/vec4 v000001e5cba85100_0, 0, 1;
    %delay 10, 0;
    %pushi/vec4 0, 0, 1;
    %store/vec4 v000001e5cba85100_0, 0, 1;
    %delay 950, 0;
    %pushi/vec4 7, 0, 4;
    %store/vec4 v000001e5cba85240_0, 0, 4;
    %delay 40, 0;
    %pushi/vec4 1, 0, 1;
    %store/vec4 v000001e5cba85100_0, 0, 1;
    %delay 10, 0;
    %pushi/vec4 0, 0, 1;
    %store/vec4 v000001e5cba85100_0, 0, 1;
    %delay 950, 0;
    %pushi/vec4 9, 0, 4;
    %store/vec4 v000001e5cba85240_0, 0, 4;
    %delay 40, 0;
    %pushi/vec4 1, 0, 1;
    %store/vec4 v000001e5cba85100_0, 0, 1;
    %delay 10, 0;
    %pushi/vec4 0, 0, 1;
    %store/vec4 v000001e5cba85100_0, 0, 1;
    %delay 950, 0;
    %pushi/vec4 1, 0, 1;
    %store/vec4 v000001e5cba856a0_0, 0, 1;
    %pushi/vec4 1, 0, 1;
    %store/vec4 v000001e5cba847a0_0, 0, 1;
    %delay 1000000, 0;
    %vpi_call 2 49 "$finish" {0 0 0};
    %end;
    .thread T_8;
# The file index is used to find the file name in the following table.
:file_names 6;
    "N/A";
    "<interactive>";
    ".\contador_nivel2_teste.v";
    "./contador_nivel2.v";
    "./nivel3/contador_mod10/contador_mod10.v";
    "./nivel3/contador_mod6/contador_mod6.v";
