#! /c/Source/iverilog-install/bin/vvp
:ivl_version "12.0 (devel)" "(s20150603-1539-g2693dd32b)";
:ivl_delay_selection "TYPICAL";
:vpi_time_precision - 12;
:vpi_module "C:\iverilog\lib\ivl\system.vpi";
:vpi_module "C:\iverilog\lib\ivl\vhdl_sys.vpi";
:vpi_module "C:\iverilog\lib\ivl\vhdl_textio.vpi";
:vpi_module "C:\iverilog\lib\ivl\v2005_math.vpi";
:vpi_module "C:\iverilog\lib\ivl\va_math.vpi";
S_000001990210df40 .scope module, "entrada_time_nivel2_teste" "entrada_time_nivel2_teste" 2 4;
 .timescale -9 -12;
v000001990217dbd0_0 .net "D", 3 0, v00000199020cbd60_0;  1 drivers
v000001990217d950_0 .var "clk", 0 0;
v000001990217d310_0 .var "enablen", 0 0;
v000001990217d8b0_0 .var "keypad", 9 0;
v000001990217d810_0 .net "loadn", 0 0, L_0000019902126ea0;  1 drivers
v000001990217ddb0_0 .net "pgt_1Hz", 0 0, v000001990217d4f0_0;  1 drivers
S_000001990210e0d0 .scope module, "DUT" "entrada_time_nivel2" 2 13, 3 6 0, S_000001990210df40;
 .timescale -9 -12;
    .port_info 0 /INPUT 10 "keypad";
    .port_info 1 /INPUT 1 "enablen";
    .port_info 2 /INPUT 1 "clk";
    .port_info 3 /OUTPUT 4 "D";
    .port_info 4 /OUTPUT 1 "loadn";
    .port_info 5 /OUTPUT 1 "pgt_1Hz";
L_0000019902126ea0 .functor NOT 1, v000001990217d6d0_0, C4<0>, C4<0>, C4<0>;
v000001990217dc70_0 .net "D", 3 0, v00000199020cbd60_0;  alias, 1 drivers
v000001990217de50_0 .net "Q", 0 0, v00000199020cbf40_0;  1 drivers
v000001990217dd10_0 .net "clk", 0 0, v000001990217d950_0;  1 drivers
v000001990217d590_0 .net "clk100", 9 0, v0000019902122ae0_0;  1 drivers
v000001990217d630_0 .net "enablen", 0 0, v000001990217d310_0;  1 drivers
v000001990217df90_0 .net "keypad", 9 0, v000001990217d8b0_0;  1 drivers
v000001990217d770_0 .net "loadn", 0 0, L_0000019902126ea0;  alias, 1 drivers
v000001990217d9f0_0 .net "pgt_1Hz", 0 0, v000001990217d4f0_0;  alias, 1 drivers
v000001990217d6d0_0 .var "pressed", 0 0;
L_000001990217def0 .part v0000019902122ae0_0, 5, 1;
S_00000199020cbbd0 .scope module, "codificador_priori" "codificador_priori" 3 31, 4 1 0, S_000001990210e0d0;
 .timescale -9 -12;
    .port_info 0 /INPUT 10 "keypad";
    .port_info 1 /INPUT 1 "enablen";
    .port_info 2 /OUTPUT 4 "BCD";
v00000199020cbd60_0 .var "BCD", 3 0;
v00000199020cbe00_0 .net "enablen", 0 0, v000001990217d310_0;  alias, 1 drivers
v00000199020cbea0_0 .net "keypad", 9 0, v000001990217d8b0_0;  alias, 1 drivers
E_000001990210e770 .event anyedge, v00000199020cbea0_0;
S_0000019902126570 .scope module, "counter" "counter" 3 33, 5 1 0, S_000001990210e0d0;
 .timescale -9 -12;
    .port_info 0 /INPUT 1 "clock";
    .port_info 1 /INPUT 1 "clear";
    .port_info 2 /OUTPUT 1 "Q";
v00000199020cbf40_0 .var "Q", 0 0;
v0000019902126700_0 .net "clear", 0 0, v000001990217d6d0_0;  1 drivers
v00000199021267a0_0 .net "clock", 0 0, v000001990217d950_0;  alias, 1 drivers
v0000019902126840_0 .var "contador", 2 0;
E_000001990210eab0 .event posedge, v0000019902126700_0, v00000199021267a0_0;
S_00000199021228b0 .scope module, "divi" "divi" 3 32, 6 1 0, S_000001990210e0d0;
 .timescale -9 -12;
    .port_info 0 /INPUT 1 "clk";
    .port_info 1 /OUTPUT 10 "clk100";
v00000199021268e0_0 .var "a", 5 0;
v0000019902122a40_0 .net "clk", 0 0, v000001990217d950_0;  alias, 1 drivers
v0000019902122ae0_0 .var "clk100", 9 0;
E_000001990210eb70 .event posedge, v00000199021267a0_0;
S_0000019902122b80 .scope module, "mux" "mux" 3 34, 7 1 0, S_000001990210e0d0;
 .timescale -9 -12;
    .port_info 0 /INPUT 1 "sel";
    .port_info 1 /INPUT 1 "Q";
    .port_info 2 /INPUT 1 "Hz";
    .port_info 3 /OUTPUT 1 "pgt_1Hz";
v000001990217d130_0 .net "Hz", 0 0, L_000001990217def0;  1 drivers
v000001990217d450_0 .net "Q", 0 0, v00000199020cbf40_0;  alias, 1 drivers
v000001990217d4f0_0 .var "pgt_1Hz", 0 0;
v000001990217d1d0_0 .net "sel", 0 0, v000001990217d310_0;  alias, 1 drivers
E_000001990210f3f0 .event anyedge, v00000199020cbe00_0, v00000199020cbf40_0, v000001990217d130_0;
    .scope S_00000199020cbbd0;
T_0 ;
    %wait E_000001990210e770;
    %load/vec4 v00000199020cbe00_0;
    %pad/u 32;
    %cmpi/e 0, 0, 32;
    %jmp/0xz  T_0.0, 4;
    %load/vec4 v00000199020cbea0_0;
    %cmpi/e 512, 0, 10;
    %jmp/0xz  T_0.2, 4;
    %pushi/vec4 9, 0, 4;
    %store/vec4 v00000199020cbd60_0, 0, 4;
    %jmp T_0.3;
T_0.2 ;
    %load/vec4 v00000199020cbea0_0;
    %cmpi/e 256, 0, 10;
    %jmp/0xz  T_0.4, 4;
    %pushi/vec4 8, 0, 4;
    %store/vec4 v00000199020cbd60_0, 0, 4;
    %jmp T_0.5;
T_0.4 ;
    %load/vec4 v00000199020cbea0_0;
    %cmpi/e 128, 0, 10;
    %jmp/0xz  T_0.6, 4;
    %pushi/vec4 7, 0, 4;
    %store/vec4 v00000199020cbd60_0, 0, 4;
    %jmp T_0.7;
T_0.6 ;
    %load/vec4 v00000199020cbea0_0;
    %cmpi/e 64, 0, 10;
    %jmp/0xz  T_0.8, 4;
    %pushi/vec4 6, 0, 4;
    %store/vec4 v00000199020cbd60_0, 0, 4;
    %jmp T_0.9;
T_0.8 ;
    %load/vec4 v00000199020cbea0_0;
    %cmpi/e 32, 0, 10;
    %jmp/0xz  T_0.10, 4;
    %pushi/vec4 5, 0, 4;
    %store/vec4 v00000199020cbd60_0, 0, 4;
    %jmp T_0.11;
T_0.10 ;
    %load/vec4 v00000199020cbea0_0;
    %cmpi/e 16, 0, 10;
    %jmp/0xz  T_0.12, 4;
    %pushi/vec4 4, 0, 4;
    %store/vec4 v00000199020cbd60_0, 0, 4;
    %jmp T_0.13;
T_0.12 ;
    %load/vec4 v00000199020cbea0_0;
    %cmpi/e 8, 0, 10;
    %jmp/0xz  T_0.14, 4;
    %pushi/vec4 3, 0, 4;
    %store/vec4 v00000199020cbd60_0, 0, 4;
    %jmp T_0.15;
T_0.14 ;
    %load/vec4 v00000199020cbea0_0;
    %cmpi/e 4, 0, 10;
    %jmp/0xz  T_0.16, 4;
    %pushi/vec4 2, 0, 4;
    %store/vec4 v00000199020cbd60_0, 0, 4;
    %jmp T_0.17;
T_0.16 ;
    %load/vec4 v00000199020cbea0_0;
    %cmpi/e 2, 0, 10;
    %jmp/0xz  T_0.18, 4;
    %pushi/vec4 1, 0, 4;
    %store/vec4 v00000199020cbd60_0, 0, 4;
    %jmp T_0.19;
T_0.18 ;
    %load/vec4 v00000199020cbea0_0;
    %cmpi/e 1, 0, 10;
    %jmp/0xz  T_0.20, 4;
    %pushi/vec4 0, 0, 4;
    %store/vec4 v00000199020cbd60_0, 0, 4;
T_0.20 ;
T_0.19 ;
T_0.17 ;
T_0.15 ;
T_0.13 ;
T_0.11 ;
T_0.9 ;
T_0.7 ;
T_0.5 ;
T_0.3 ;
T_0.0 ;
    %jmp T_0;
    .thread T_0, $push;
    .scope S_00000199021228b0;
T_1 ;
    %pushi/vec4 0, 0, 6;
    %store/vec4 v00000199021268e0_0, 0, 6;
    %end;
    .thread T_1;
    .scope S_00000199021228b0;
T_2 ;
    %pushi/vec4 0, 0, 10;
    %store/vec4 v0000019902122ae0_0, 0, 10;
    %end;
    .thread T_2;
    .scope S_00000199021228b0;
T_3 ;
    %wait E_000001990210eb70;
    %load/vec4 v00000199021268e0_0;
    %addi 1, 0, 6;
    %store/vec4 v00000199021268e0_0, 0, 6;
    %load/vec4 v00000199021268e0_0;
    %pad/u 32;
    %cmpi/u 50, 0, 32;
    %flag_inv 5; GE is !LT
    %jmp/0xz  T_3.0, 5;
    %pushi/vec4 0, 0, 6;
    %store/vec4 v00000199021268e0_0, 0, 6;
    %load/vec4 v0000019902122ae0_0;
    %inv;
    %store/vec4 v0000019902122ae0_0, 0, 10;
T_3.0 ;
    %jmp T_3;
    .thread T_3;
    .scope S_0000019902126570;
T_4 ;
    %wait E_000001990210eab0;
    %load/vec4 v0000019902126700_0;
    %flag_set/vec4 8;
    %jmp/0xz  T_4.0, 8;
    %pushi/vec4 0, 0, 3;
    %store/vec4 v0000019902126840_0, 0, 3;
    %pushi/vec4 0, 0, 1;
    %store/vec4 v00000199020cbf40_0, 0, 1;
    %jmp T_4.1;
T_4.0 ;
    %load/vec4 v0000019902126840_0;
    %pad/u 32;
    %cmpi/e 3, 0, 32;
    %jmp/0xz  T_4.2, 4;
    %pushi/vec4 1, 0, 1;
    %store/vec4 v00000199020cbf40_0, 0, 1;
    %load/vec4 v0000019902126840_0;
    %addi 1, 0, 3;
    %store/vec4 v0000019902126840_0, 0, 3;
    %jmp T_4.3;
T_4.2 ;
    %load/vec4 v0000019902126840_0;
    %pad/u 32;
    %cmpi/u 7, 0, 32;
    %jmp/0xz  T_4.4, 5;
    %load/vec4 v0000019902126840_0;
    %addi 1, 0, 3;
    %store/vec4 v0000019902126840_0, 0, 3;
T_4.4 ;
T_4.3 ;
T_4.1 ;
    %jmp T_4;
    .thread T_4;
    .scope S_0000019902122b80;
T_5 ;
    %wait E_000001990210f3f0;
    %load/vec4 v000001990217d1d0_0;
    %pad/u 32;
    %cmpi/e 0, 0, 32;
    %jmp/0xz  T_5.0, 4;
    %load/vec4 v000001990217d450_0;
    %store/vec4 v000001990217d4f0_0, 0, 1;
    %jmp T_5.1;
T_5.0 ;
    %load/vec4 v000001990217d130_0;
    %store/vec4 v000001990217d4f0_0, 0, 1;
T_5.1 ;
    %jmp T_5;
    .thread T_5, $push;
    .scope S_000001990210e0d0;
T_6 ;
    %pushi/vec4 0, 0, 1;
    %store/vec4 v000001990217d6d0_0, 0, 1;
    %end;
    .thread T_6;
    .scope S_000001990210e0d0;
T_7 ;
    %wait E_000001990210e770;
    %load/vec4 v000001990217df90_0;
    %cmpi/e 0, 0, 10;
    %jmp/0xz  T_7.0, 4;
    %pushi/vec4 0, 0, 1;
    %assign/vec4 v000001990217d6d0_0, 0;
    %jmp T_7.1;
T_7.0 ;
    %pushi/vec4 1, 0, 1;
    %assign/vec4 v000001990217d6d0_0, 0;
T_7.1 ;
    %jmp T_7;
    .thread T_7, $push;
    .scope S_000001990210df40;
T_8 ;
    %vpi_call 2 23 "$dumpfile", "entrada_time_nivel2_teste.vcd" {0 0 0};
    %vpi_call 2 24 "$dumpvars", 32'sb00000000000000000000000000000000, S_000001990210df40 {0 0 0};
    %delay 1000, 0;
    %pushi/vec4 512, 0, 10;
    %store/vec4 v000001990217d8b0_0, 0, 10;
    %pushi/vec4 1, 0, 1;
    %store/vec4 v000001990217d950_0, 0, 1;
    %pushi/vec4 0, 0, 1;
    %store/vec4 v000001990217d310_0, 0, 1;
    %pushi/vec4 201, 0, 32;
T_8.0 %dup/vec4;
    %pushi/vec4 0, 0, 32;
    %cmp/s;
    %jmp/1xz T_8.1, 5;
    %jmp/1 T_8.1, 4;
    %pushi/vec4 1, 0, 32;
    %sub;
    %delay 1000, 0;
    %load/vec4 v000001990217d950_0;
    %inv;
    %store/vec4 v000001990217d950_0, 0, 1;
    %jmp T_8.0;
T_8.1 ;
    %pop/vec4 1;
    %delay 1000, 0;
    %pushi/vec4 256, 0, 10;
    %store/vec4 v000001990217d8b0_0, 0, 10;
    %pushi/vec4 1, 0, 1;
    %store/vec4 v000001990217d950_0, 0, 1;
    %pushi/vec4 201, 0, 32;
T_8.2 %dup/vec4;
    %pushi/vec4 0, 0, 32;
    %cmp/s;
    %jmp/1xz T_8.3, 5;
    %jmp/1 T_8.3, 4;
    %pushi/vec4 1, 0, 32;
    %sub;
    %delay 1000, 0;
    %load/vec4 v000001990217d950_0;
    %inv;
    %store/vec4 v000001990217d950_0, 0, 1;
    %jmp T_8.2;
T_8.3 ;
    %pop/vec4 1;
    %delay 1000, 0;
    %pushi/vec4 256, 0, 10;
    %store/vec4 v000001990217d8b0_0, 0, 10;
    %pushi/vec4 1, 0, 1;
    %store/vec4 v000001990217d950_0, 0, 1;
    %pushi/vec4 1, 0, 1;
    %store/vec4 v000001990217d310_0, 0, 1;
    %pushi/vec4 201, 0, 32;
T_8.4 %dup/vec4;
    %pushi/vec4 0, 0, 32;
    %cmp/s;
    %jmp/1xz T_8.5, 5;
    %jmp/1 T_8.5, 4;
    %pushi/vec4 1, 0, 32;
    %sub;
    %delay 1000, 0;
    %load/vec4 v000001990217d950_0;
    %inv;
    %store/vec4 v000001990217d950_0, 0, 1;
    %jmp T_8.4;
T_8.5 ;
    %pop/vec4 1;
    %pushi/vec4 0, 0, 1;
    %store/vec4 v000001990217d310_0, 0, 1;
    %pushi/vec4 201, 0, 32;
T_8.6 %dup/vec4;
    %pushi/vec4 0, 0, 32;
    %cmp/s;
    %jmp/1xz T_8.7, 5;
    %jmp/1 T_8.7, 4;
    %pushi/vec4 1, 0, 32;
    %sub;
    %delay 1000, 0;
    %load/vec4 v000001990217d950_0;
    %inv;
    %store/vec4 v000001990217d950_0, 0, 1;
    %jmp T_8.6;
T_8.7 ;
    %pop/vec4 1;
    %end;
    .thread T_8;
# The file index is used to find the file name in the following table.
:file_names 8;
    "N/A";
    "<interactive>";
    ".\entrada_time_nivel2_teste.v";
    "./entrada_time_nivel2.v";
    "./nivel3/codificador_priori/codificador_priori.v";
    "./nivel3/cont_assincrono/counter_assin.v";
    "./nivel3/divisor_freq/divi.v";
    "./nivel3/mux/mux.v";
